AH00558: apache2: Could not reliably determine the server's fully qualified domain name, using 172.18.0.4. Set the 'ServerName' directive globally to suppress this message
[Thu Jan 15 12:37:49.819123 2026] [mpm_prefork:notice] [pid 1:tid 1] AH00163: Apache/2.4.66 (Debian) PHP/8.2.30 configured -- resuming normal operations
[Thu Jan 15 12:37:49.819226 2026] [core:notice] [pid 1:tid 1] AH00094: Command line: 'apache2 -D FOREGROUND'
[Thu Jan 15 12:44:44.204794 2026] [mpm_prefork:notice] [pid 1:tid 1] AH00170: caught SIGWINCH, shutting down gracefully
AH00558: apache2: Could not reliably determine the server's fully qualified domain name, using 172.18.0.4. Set the 'ServerName' directive globally to suppress this message
[Thu Jan 15 12:44:45.542524 2026] [mpm_prefork:notice] [pid 1:tid 1] AH00163: Apache/2.4.66 (Debian) PHP/8.2.30 configured -- resuming normal operations
[Thu Jan 15 12:44:45.542629 2026] [core:notice] [pid 1:tid 1] AH00094: Command line: 'apache2 -D FOREGROUND'
AH00558: apache2: Could not reliably determine the server's fully qualified domain name, using 172.18.0.4. Set the 'ServerName' directive globally to suppress this message
[Thu Jan 15 17:23:27.440039 2026] [mpm_prefork:notice] [pid 1:tid 1] AH00163: Apache/2.4.66 (Debian) PHP/8.2.30 configured -- resuming normal operations
[Thu Jan 15 17:23:27.440882 2026] [core:notice] [pid 1:tid 1] AH00094: Command line: 'apache2 -D FOREGROUND'
[Thu Jan 15 17:40:27.303652 2026] [mpm_prefork:notice] [pid 1:tid 1] AH00170: caught SIGWINCH, shutting down gracefully
AH00558: apache2: Could not reliably determine the server's fully qualified domain name, using 172.18.0.4. Set the 'ServerName' directive globally to suppress this message
[Thu Jan 15 21:42:25.823898 2026] [mpm_prefork:notice] [pid 1:tid 1] AH00163: Apache/2.4.66 (Debian) PHP/8.2.30 configured -- resuming normal operations
[Thu Jan 15 21:42:25.824168 2026] [core:notice] [pid 1:tid 1] AH00094: Command line: 'apache2 -D FOREGROUND'
[Thu Jan 15 22:42:14.464814 2026] [mpm_prefork:notice] [pid 1:tid 1] AH00170: caught SIGWINCH, shutting down gracefully
AH00558: apache2: Could not reliably determine the server's fully qualified domain name, using 172.18.0.4. Set the 'ServerName' directive globally to suppress this message
[Fri Jan 16 16:10:54.442236 2026] [mpm_prefork:notice] [pid 1:tid 1] AH00163: Apache/2.4.66 (Debian) PHP/8.2.30 configured -- resuming normal operations
[Fri Jan 16 16:10:54.442489 2026] [core:notice] [pid 1:tid 1] AH00094: Command line: 'apache2 -D FOREGROUND'
AH00558: apache2: Could not reliably determine the server's fully qualified domain name, using 172.18.0.4. Set the 'ServerName' directive globally to suppress this message
[Tue Jan 20 18:39:09.245079 2026] [mpm_prefork:notice] [pid 1:tid 1] AH00163: Apache/2.4.66 (Debian) PHP/8.2.30 configured -- resuming normal operations
[Tue Jan 20 18:39:09.245229 2026] [core:notice] [pid 1:tid 1] AH00094: Command line: 'apache2 -D FOREGROUND'
[Tue Jan 20 18:43:09.430969 2026] [mpm_prefork:notice] [pid 1:tid 1] AH00170: caught SIGWINCH, shutting down gracefully
AH00558: apache2: Could not reliably determine the server's fully qualified domain name, using 172.18.0.4. Set the 'ServerName' directive globally to suppress this message
[Tue Jan 20 18:43:10.785720 2026] [mpm_prefork:notice] [pid 1:tid 1] AH00163: Apache/2.4.66 (Debian) PHP/8.2.30 configured -- resuming normal operations
[Tue Jan 20 18:43:10.785825 2026] [core:notice] [pid 1:tid 1] AH00094: Command line: 'apache2 -D FOREGROUND'
AH00558: apache2: Could not reliably determine the server's fully qualified domain name, using 172.18.0.4. Set the 'ServerName' directive globally to suppress this message
[Thu Jan 22 21:08:28.901679 2026] [mpm_prefork:notice] [pid 1:tid 1] AH00163: Apache/2.4.66 (Debian) PHP/8.2.30 configured -- resuming normal operations
[Thu Jan 22 21:08:28.902406 2026] [core:notice] [pid 1:tid 1] AH00094: Command line: 'apache2 -D FOREGROUND'
[Thu Jan 22 21:45:02.668227 2026] [mpm_prefork:notice] [pid 1:tid 1] AH00170: caught SIGWINCH, shutting down gracefully
AH00558: apache2: Could not reliably determine the server's fully qualified domain name, using 172.18.0.4. Set the 'ServerName' directive globally to suppress this message
[Fri Jan 23 14:48:00.496210 2026] [mpm_prefork:notice] [pid 1:tid 1] AH00163: Apache/2.4.66 (Debian) PHP/8.2.30 configured -- resuming normal operations
[Fri Jan 23 14:48:00.496340 2026] [core:notice] [pid 1:tid 1] AH00094: Command line: 'apache2 -D FOREGROUND'
[Fri Jan 23 14:58:15.313257 2026] [mpm_prefork:notice] [pid 1:tid 1] AH00170: caught SIGWINCH, shutting down gracefully
AH00558: apache2: Could not reliably determine the server's fully qualified domain name, using 172.18.0.3. Set the 'ServerName' directive globally to suppress this message
[Fri Jan 23 14:58:25.281861 2026] [mpm_prefork:notice] [pid 1:tid 1] AH00163: Apache/2.4.66 (Debian) PHP/8.2.30 configured -- resuming normal operations
[Fri Jan 23 14:58:25.282285 2026] [core:notice] [pid 1:tid 1] AH00094: Command line: 'apache2 -D FOREGROUND'
[Fri Jan 23 15:01:18.518225 2026] [mpm_prefork:notice] [pid 1:tid 1] AH00171: Graceful restart requested, doing restart
AH00558: apache2: Could not reliably determine the server's fully qualified domain name, using 172.18.0.3. Set the 'ServerName' directive globally to suppress this message
[Fri Jan 23 15:01:18.527174 2026] [mpm_prefork:notice] [pid 1:tid 1] AH00163: Apache/2.4.66 (Debian) PHP/8.2.30 configured -- resuming normal operations
[Fri Jan 23 15:01:18.527257 2026] [core:notice] [pid 1:tid 1] AH00094: Command line: 'apache2 -D FOREGROUND'
[Fri Jan 23 15:01:28.333334 2026] [mpm_prefork:notice] [pid 1:tid 1] AH00170: caught SIGWINCH, shutting down gracefully
AH00558: apache2: Could not reliably determine the server's fully qualified domain name, using 172.18.0.3. Set the 'ServerName' directive globally to suppress this message
[Fri Jan 23 15:01:29.637573 2026] [mpm_prefork:notice] [pid 1:tid 1] AH00163: Apache/2.4.66 (Debian) PHP/8.2.30 configured -- resuming normal operations
[Fri Jan 23 15:01:29.637733 2026] [core:notice] [pid 1:tid 1] AH00094: Command line: 'apache2 -D FOREGROUND'
[Fri Jan 23 15:07:53.622960 2026] [mpm_prefork:notice] [pid 1:tid 1] AH00170: caught SIGWINCH, shutting down gracefully
AH00558: apache2: Could not reliably determine the server's fully qualified domain name, using 172.18.0.3. Set the 'ServerName' directive globally to suppress this message
[Fri Jan 23 15:07:55.040468 2026] [mpm_prefork:notice] [pid 1:tid 1] AH00163: Apache/2.4.66 (Debian) PHP/8.2.30 configured -- resuming normal operations
[Fri Jan 23 15:07:55.040568 2026] [core:notice] [pid 1:tid 1] AH00094: Command line: 'apache2 -D FOREGROUND'
